2020-12-11 20:09:45 INFO  SearchTest:14 - Test1 has been started.
2020-12-11 20:09:45 INFO  ComparingPage:36 - openPage method has been called.
2020-12-11 20:09:48 INFO  ComparingPage:42 - compareTwoPhones method has been called.
2020-12-11 20:09:48 INFO  ComparingPage:49 - moveToComparingPage method has been called.
2020-12-11 20:09:50 INFO  ComparingPage:55 - getAmountOfPhonesOnComparingPage method has been called.
2020-12-11 20:09:50 INFO  ComparingPage:61 - removeOnePhoneFromComparing method has been called.
2020-12-11 20:09:51 INFO  ComparingPage:55 - getAmountOfPhonesOnComparingPage method has been called.
2020-12-11 20:09:57 INFO  SearchTest:14 - Test2 has been started.
2020-12-11 20:09:57 INFO  BuyingPage:40 - openPage method has been called.
2020-12-11 20:10:07 INFO  BuyingPage:46 - buyPhone method has been called.
2020-12-11 20:10:15 INFO  BuyingPage:52 - addToBasket method has been called.
2020-12-11 20:10:15 INFO  BuyingPage:58 - getAmountOfPhones method has been called.
2020-12-11 20:10:24 INFO  LoginWithEmptyFieldsTest:15 - Test 
2020-12-11 20:10:24 INFO  LoginPage:37 - openPage method has been called.
2020-12-11 20:10:28 INFO  LoginPage:44 - login method has been called.
2020-12-11 20:10:29 INFO  LoginPage:52 - getErrorMessage method has been called.
2020-12-11 20:10:35 INFO  RegistrationWithEmptyEmailFieldTest:15 - Test4 has been started.
2020-12-11 20:10:35 INFO  RegistrationPage:37 - openPage method has been called.
2020-12-11 20:10:39 INFO  RegistrationPage:45 - register method has been called.
2020-12-11 20:10:40 INFO  RegistrationPage:52 - getErrorMessage method has been called.
2020-12-11 20:10:46 INFO  SearchTest:13 - Test 5 has been started.
2020-12-11 20:10:46 INFO  SearchPage:31 - openPage method has been called.
2020-12-11 20:10:52 INFO  SearchPage:37 - searchWithEmptyField method has been called.
2020-12-11 20:10:53 INFO  SearchPage:50 - getSearchMessage method has been called.
2020-12-11 20:10:59 INFO  SearchTest:24 - Test 6 has been started.
2020-12-11 20:10:59 INFO  SearchPage:31 - openPage method has been called.
2020-12-11 20:11:02 INFO  SearchPage:43 - searchWithFilledField method has been called.
